jun 21, 2023 12:24:55 A. M. LFTServer logWriter
INFORMACIÓN: Argumentos introducidos correctamente
jun 21, 2023 12:24:55 A. M. LFTServer logWriter
INFORMACIÓN: Servidor iniciado en modo NON-SSL
jun 21, 2023 12:27:03 A. M. LFTServer logWriter
INFORMACIÓN: Argumentos introducidos correctamente
jun 21, 2023 12:27:03 A. M. LFTServer logWriter
INFORMACIÓN: Servidor iniciado en modo NON-SSL
jun 21, 2023 12:29:52 A. M. LFTServer logWriter
INFORMACIÓN: Argumentos introducidos correctamente
jun 21, 2023 12:29:52 A. M. LFTServer logWriter
INFORMACIÓN: Servidor iniciado en modo NON-SSL
jun 21, 2023 12:31:39 A. M. LFTServer logWriter
INFORMACIÓN: Argumentos introducidos correctamente
jun 21, 2023 12:31:39 A. M. LFTServer logWriter
INFORMACIÓN: Servidor iniciado en modo NON-SSL
jun 21, 2023 12:32:03 A. M. LFTServer logWriter
INFORMACIÓN: Recibida Petición PUT
jun 21, 2023 12:41:49 A. M. LFTServer logWriter
INFORMACIÓN: Argumentos introducidos correctamente
jun 21, 2023 12:41:49 A. M. LFTServer logWriter
INFORMACIÓN: Servidor iniciado en modo NON-SSL
jun 21, 2023 12:41:55 A. M. LFTServer logWriter
INFORMACIÓN: Recibida Petición PUT
jun 21, 2023 12:48:56 A. M. LFTServer logWriter
INFORMACIÓN: Argumentos introducidos correctamente
jun 21, 2023 12:48:56 A. M. LFTServer logWriter
INFORMACIÓN: Servidor iniciado en modo NON-SSL
jun 21, 2023 12:49:05 A. M. LFTServer logWriter
INFORMACIÓN: Recibida Petición PUT
jun 21, 2023 12:55:25 A. M. LFTServer logWriter
INFORMACIÓN: Argumentos introducidos correctamente
jun 21, 2023 12:55:25 A. M. LFTServer logWriter
INFORMACIÓN: Servidor iniciado en modo NON-SSL
jun 21, 2023 12:55:36 A. M. LFTServer logWriter
INFORMACIÓN: Recibida Petición PUT
jun 21, 2023 12:59:38 A. M. LFTServer logWriter
INFORMACIÓN: Argumentos introducidos correctamente
jun 21, 2023 12:59:38 A. M. LFTServer logWriter
INFORMACIÓN: Servidor iniciado en modo NON-SSL
jun 21, 2023 12:59:44 A. M. LFTServer logWriter
INFORMACIÓN: Recibida Petición PUT
jun 21, 2023 12:59:54 A. M. LFTServer logWriter
INFORMACIÓN: Argumentos introducidos correctamente
jun 21, 2023 12:59:54 A. M. LFTServer logWriter
INFORMACIÓN: Servidor iniciado en modo NON-SSL
jun 21, 2023 1:00:06 A. M. LFTServer logWriter
INFORMACIÓN: Recibida Petición GET
jun 21, 2023 1:02:34 A. M. LFTServer logWriter
INFORMACIÓN: Argumentos introducidos correctamente
jun 21, 2023 1:02:34 A. M. LFTServer logWriter
INFORMACIÓN: Servidor iniciado en modo NON-SSL
jun 21, 2023 1:02:43 A. M. LFTServer logWriter
INFORMACIÓN: Recibida Petición GET
jun 21, 2023 1:02:57 A. M. LFTServer logWriter
INFORMACIÓN: Recibida Petición PUT
jun 21, 2023 1:04:15 A. M. LFTServer logWriter
INFORMACIÓN: Argumentos introducidos correctamente
jun 21, 2023 1:04:15 A. M. LFTServer logWriter
INFORMACIÓN: Servidor iniciado en modo NON-SSL
jun 21, 2023 1:04:28 A. M. LFTServer logWriter
INFORMACIÓN: Recibida Petición PUT
jun 21, 2023 1:14:28 A. M. LFTServer logWriter
INFORMACIÓN: Argumentos introducidos correctamente
jun 21, 2023 1:14:28 A. M. LFTServer logWriter
INFORMACIÓN: Servidor iniciado en modo NON-SSL
jun 21, 2023 1:14:38 A. M. LFTServer logWriter
INFORMACIÓN: Recibida Petición PUT
jun 21, 2023 1:16:18 A. M. LFTServer logWriter
INFORMACIÓN: Argumentos introducidos correctamente
jun 21, 2023 1:16:18 A. M. LFTServer logWriter
INFORMACIÓN: Servidor iniciado en modo NON-SSL
jun 21, 2023 1:16:28 A. M. LFTServer logWriter
INFORMACIÓN: Recibida Petición PUT
jun 21, 2023 1:17:01 A. M. LFTServer logWriter
INFORMACIÓN: Argumentos introducidos correctamente
jun 21, 2023 1:17:01 A. M. LFTServer logWriter
INFORMACIÓN: Servidor iniciado en modo NON-SSL
jun 21, 2023 1:17:09 A. M. LFTServer logWriter
INFORMACIÓN: Recibida Petición PUT
jun 21, 2023 1:18:19 A. M. LFTServer logWriter
INFORMACIÓN: Argumentos introducidos correctamente
jun 21, 2023 1:18:19 A. M. LFTServer logWriter
INFORMACIÓN: Servidor iniciado en modo NON-SSL
jun 21, 2023 1:18:26 A. M. LFTServer logWriter
INFORMACIÓN: Recibida Petición PUT
jun 21, 2023 1:19:56 A. M. LFTServer logWriter
INFORMACIÓN: Argumentos introducidos correctamente
jun 21, 2023 1:19:56 A. M. LFTServer logWriter
INFORMACIÓN: Servidor iniciado en modo NON-SSL
jun 21, 2023 1:20:05 A. M. LFTServer logWriter
INFORMACIÓN: Recibida Petición PUT
jun 21, 2023 1:47:09 A. M. LFTServer logWriter
INFORMACIÓN: Argumentos introducidos correctamente
jun 21, 2023 1:47:09 A. M. LFTServer logWriter
INFORMACIÓN: Servidor iniciado en modo NON-SSL
jun 21, 2023 1:48:24 A. M. LFTServer logWriter
INFORMACIÓN: Recibida Petición PUT
jun 21, 2023 1:49:30 A. M. LFTServer logWriter
INFORMACIÓN: Argumentos introducidos correctamente
jun 21, 2023 1:49:30 A. M. LFTServer logWriter
INFORMACIÓN: Servidor iniciado en modo NON-SSL
jun 21, 2023 1:49:36 A. M. LFTServer logWriter
INFORMACIÓN: Recibida Petición PUT
jun 21, 2023 2:43:47 A. M. LFTServer logWriter
INFORMACIÓN: Argumentos introducidos correctamente
jun 21, 2023 2:43:47 A. M. LFTServer logWriter
INFORMACIÓN: Servidor iniciado en modo NON-SSL
jun 21, 2023 2:43:55 A. M. LFTServer logWriter
INFORMACIÓN: Recibida Petición PUT
jun 21, 2023 2:47:41 A. M. LFTServer logWriter
INFORMACIÓN: Argumentos introducidos correctamente
jun 21, 2023 2:47:41 A. M. LFTServer logWriter
INFORMACIÓN: Servidor iniciado en modo NON-SSL
jun 21, 2023 2:47:50 A. M. LFTServer logWriter
INFORMACIÓN: Recibida Petición PUT
jun 21, 2023 2:51:50 A. M. LFTServer logWriter
INFORMACIÓN: Argumentos introducidos correctamente
jun 21, 2023 2:51:50 A. M. LFTServer logWriter
INFORMACIÓN: Servidor iniciado en modo NON-SSL
jun 21, 2023 2:52:20 A. M. LFTServer logWriter
INFORMACIÓN: Recibida Petición PUT
jun 21, 2023 2:53:36 A. M. LFTServer logWriter
INFORMACIÓN: Argumentos introducidos correctamente
jun 21, 2023 2:53:36 A. M. LFTServer logWriter
INFORMACIÓN: Servidor iniciado en modo NON-SSL
jun 21, 2023 2:53:50 A. M. LFTServer logWriter
INFORMACIÓN: Recibida Petición PUT
jun 21, 2023 3:01:36 A. M. LFTClient logWriter
INFORMACIÓN: Argumentos introducidos correctamente
jun 21, 2023 3:01:36 A. M. LFTClient logWriter
ADVERTENCIA: ERROR E/S Conexión rehusada
jun 21, 2023 3:01:41 A. M. LFTServer logWriter
INFORMACIÓN: Argumentos introducidos correctamente
jun 21, 2023 3:01:41 A. M. LFTServer logWriter
INFORMACIÓN: Servidor iniciado en modo NON-SSL
jun 21, 2023 3:01:52 A. M. LFTServer logWriter
INFORMACIÓN: Recibida Petición PUT
jun 21, 2023 3:02:32 A. M. LFTServer logWriter
INFORMACIÓN: Argumentos introducidos correctamente
jun 21, 2023 3:02:32 A. M. LFTServer logWriter
INFORMACIÓN: Servidor iniciado en modo NON-SSL
jun 21, 2023 3:02:41 A. M. LFTServer logWriter
INFORMACIÓN: Recibida Petición PUT
jun 21, 2023 3:03:38 A. M. LFTServer logWriter
INFORMACIÓN: Argumentos introducidos correctamente
jun 21, 2023 3:03:38 A. M. LFTServer logWriter
INFORMACIÓN: Servidor iniciado en modo NON-SSL
jun 21, 2023 3:03:46 A. M. LFTServer logWriter
INFORMACIÓN: Recibida Petición PUT
jun 21, 2023 3:04:06 A. M. LFTServer logWriter
INFORMACIÓN: Argumentos introducidos correctamente
jun 21, 2023 3:04:06 A. M. LFTServer logWriter
INFORMACIÓN: Servidor iniciado en modo NON-SSL
jun 21, 2023 3:04:15 A. M. LFTServer logWriter
INFORMACIÓN: Recibida Petición PUT
jun 21, 2023 3:04:39 A. M. LFTServer logWriter
INFORMACIÓN: Argumentos introducidos correctamente
jun 21, 2023 3:04:39 A. M. LFTServer logWriter
INFORMACIÓN: Servidor iniciado en modo NON-SSL
jun 21, 2023 3:04:55 A. M. LFTServer logWriter
INFORMACIÓN: Recibida Petición PUT
jun 21, 2023 3:05:48 A. M. LFTServer logWriter
INFORMACIÓN: Argumentos introducidos correctamente
jun 21, 2023 3:05:48 A. M. LFTServer logWriter
INFORMACIÓN: Servidor iniciado en modo NON-SSL
jun 21, 2023 3:06:00 A. M. LFTServer logWriter
INFORMACIÓN: Recibida Petición PUT
jun 21, 2023 3:08:35 A. M. LFTServer logWriter
INFORMACIÓN: Argumentos introducidos correctamente
jun 21, 2023 3:08:35 A. M. LFTServer logWriter
INFORMACIÓN: Servidor iniciado en modo NON-SSL
jun 21, 2023 3:08:43 A. M. LFTServer logWriter
INFORMACIÓN: Recibida Petición PUT
jun 21, 2023 3:09:10 A. M. LFTServer logWriter
INFORMACIÓN: Argumentos introducidos correctamente
jun 21, 2023 3:09:10 A. M. LFTServer logWriter
INFORMACIÓN: Servidor iniciado en modo NON-SSL
jun 21, 2023 3:12:36 A. M. LFTServer logWriter
INFORMACIÓN: Argumentos introducidos correctamente
jun 21, 2023 3:12:36 A. M. LFTServer logWriter
INFORMACIÓN: Servidor iniciado en modo NON-SSL
jun 21, 2023 3:12:46 A. M. LFTServer logWriter
INFORMACIÓN: Recibida Petición PUT
jun 21, 2023 3:15:46 A. M. LFTServer logWriter
INFORMACIÓN: Argumentos introducidos correctamente
jun 21, 2023 3:15:46 A. M. LFTServer logWriter
INFORMACIÓN: Servidor iniciado en modo NON-SSL
jun 21, 2023 3:16:19 A. M. LFTServer logWriter
INFORMACIÓN: Recibida Petición PUT
jun 21, 2023 3:24:13 A. M. LFTServer logWriter
INFORMACIÓN: Argumentos introducidos correctamente
jun 21, 2023 3:24:13 A. M. LFTServer logWriter
INFORMACIÓN: Servidor iniciado en modo NON-SSL
jun 21, 2023 3:24:22 A. M. LFTServer logWriter
INFORMACIÓN: Recibida Petición PUT
jun 21, 2023 3:26:56 A. M. LFTServer logWriter
INFORMACIÓN: Argumentos introducidos correctamente
jun 21, 2023 3:26:56 A. M. LFTServer logWriter
INFORMACIÓN: Servidor iniciado en modo NON-SSL
jun 21, 2023 3:27:03 A. M. LFTServer logWriter
INFORMACIÓN: Recibida Petición PUT
jun 21, 2023 3:27:38 A. M. LFTServer logWriter
INFORMACIÓN: Argumentos introducidos correctamente
jun 21, 2023 3:27:38 A. M. LFTServer logWriter
INFORMACIÓN: Servidor iniciado en modo NON-SSL
jun 21, 2023 3:27:59 A. M. LFTServer logWriter
INFORMACIÓN: Recibida Petición PUT
jun 21, 2023 3:28:26 A. M. LFTServer logWriter
INFORMACIÓN: Argumentos introducidos correctamente
jun 21, 2023 3:28:26 A. M. LFTServer logWriter
INFORMACIÓN: Servidor iniciado en modo NON-SSL
jun 21, 2023 3:28:38 A. M. LFTServer logWriter
INFORMACIÓN: Recibida Petición PUT
jun 21, 2023 11:13:25 P. M. LFTServer logWriter
INFORMACIÓN: Argumentos introducidos correctamente
jun 21, 2023 11:13:25 P. M. LFTServer logWriter
INFORMACIÓN: Servidor iniciado en modo NON-SSL
jun 21, 2023 11:13:31 P. M. LFTServer logWriter
INFORMACIÓN: Recibida Petición LIST
jun 21, 2023 11:13:31 P. M. LFTServer logWriter
INFORMACIÓN: Fin ejecución LIST en servidor
jun 21, 2023 11:13:31 P. M. LFTServer logWriter
ADVERTENCIA: ERROR E/S: Socket closed
jun 21, 2023 11:13:48 P. M. LFTServer logWriter
INFORMACIÓN: Recibida Petición LIST
jun 21, 2023 11:13:48 P. M. LFTServer logWriter
INFORMACIÓN: Fin ejecución LIST en servidor
jun 21, 2023 11:13:48 P. M. LFTServer logWriter
ADVERTENCIA: ERROR E/S: Socket closed
jun 21, 2023 11:14:04 P. M. LFTServer logWriter
INFORMACIÓN: Recibida Petición GET
jun 21, 2023 11:14:05 P. M. LFTServer logWriter
INFORMACIÓN: Fin ejecución GET en servidor
jun 21, 2023 11:14:05 P. M. LFTServer logWriter
ADVERTENCIA: ERROR E/S: Socket closed
